Build started 11-Nov-16 2:35:27 AM.
     1>Project "E:\ProgrammingCentre\opengl\LightingNShading\LightingNShading\LightingNShading.vcxproj" on node 2 (build target(s)).
     1>InitializeBuildStatus:
         Creating "Debug\LightingNShading.unsuccessfulbuild" because "AlwaysCreate" was specified.
       ClCompile:
         c:\Program Files (x86)\Microsoft Visual Studio 10.0\VC\bin\CL.exe /c /ZI /nologo /W3 /WX- /Od /Oy- /D WIN32 /D _DEBUG /D _CONSOLE /D _UNICODE /D UNICODE /Gm /EHsc /RTC1 /MDd /GS /fp:precise /Zc:wchar_t /Zc:forScope /Fo"Debug\\" /Fd"Debug\vc100.pdb" /Gd /TP /analyze- /errorReport:prompt code.cpp
         code.cpp
       ManifestResourceCompile:
         All outputs are up-to-date.
       Link:
         c:\Program Files (x86)\Microsoft Visual Studio 10.0\VC\bin\link.exe /ERRORREPORT:PROMPT /OUT:"E:\ProgrammingCentre\opengl\LightingNShading\Debug\LightingNShading.exe" /INCREMENTAL /NOLOGO kernel32.lib user32.lib gdi32.lib winspool.lib comdlg32.lib advapi32.lib shell32.lib ole32.lib oleaut32.lib uuid.lib odbc32.lib odbccp32.lib /MANIFEST /ManifestFile:"Debug\LightingNShading.exe.intermediate.manifest" /MANIFESTUAC:"level='asInvoker' uiAccess='false'" /DEBUG /PDB:"E:\ProgrammingCentre\opengl\LightingNShading\Debug\LightingNShading.pdb" /SUBSYSTEM:CONSOLE /TLBID:1 /DYNAMICBASE /NXCOMPAT /IMPLIB:"E:\ProgrammingCentre\opengl\LightingNShading\Debug\LightingNShading.lib" /MACHINE:X86 Debug\LightingNShading.exe.embed.manifest.res
         Debug\code.obj
       Manifest:
         C:\Program Files (x86)\Microsoft SDKs\Windows\v7.0A\bin\mt.exe /nologo /verbose /out:"Debug\LightingNShading.exe.embed.manifest" /manifest Debug\LightingNShading.exe.intermediate.manifest
         All outputs are up-to-date.
       LinkEmbedManifest:
         All outputs are up-to-date.
         LightingNShading.vcxproj -> E:\ProgrammingCentre\opengl\LightingNShading\Debug\LightingNShading.exe
       FinalizeBuildStatus:
         Deleting file "Debug\LightingNShading.unsuccessfulbuild".
         Touching "Debug\LightingNShading.lastbuildstate".
     1>Done Building Project "E:\ProgrammingCentre\opengl\LightingNShading\LightingNShading\LightingNShading.vcxproj" (build target(s)).

Build succeeded.

Time Elapsed 00:00:01.75
