Build started 26-Sep-16 3:58:42 PM.
     1>Project "C:\Users\SAMARTH\Documents\Visual Studio 2010\Projects\prac5\prac5\prac5.vcxproj" on node 2 (build target(s)).
     1>InitializeBuildStatus:
         Creating "Debug\prac5.unsuccessfulbuild" because "AlwaysCreate" was specified.
       ClCompile:
         All outputs are up-to-date.
       ManifestResourceCompile:
         All outputs are up-to-date.
       Link:
         c:\Program Files (x86)\Microsoft Visual Studio 10.0\VC\bin\link.exe /ERRORREPORT:PROMPT /OUT:"C:\Users\SAMARTH\Documents\Visual Studio 2010\Projects\prac5\Debug\prac5.exe" /INCREMENTAL /NOLOGO kernel32.lib user32.lib gdi32.lib winspool.lib comdlg32.lib advapi32.lib shell32.lib ole32.lib oleaut32.lib uuid.lib odbc32.lib odbccp32.lib /MANIFEST /ManifestFile:"Debug\prac5.exe.intermediate.manifest" /MANIFESTUAC:"level='asInvoker' uiAccess='false'" /DEBUG /PDB:"C:\Users\SAMARTH\Documents\Visual Studio 2010\Projects\prac5\Debug\prac5.pdb" /SUBSYSTEM:CONSOLE /TLBID:1 /DYNAMICBASE /NXCOMPAT /IMPLIB:"C:\Users\SAMARTH\Documents\Visual Studio 2010\Projects\prac5\Debug\prac5.lib" /MACHINE:X86 Debug\prac5.exe.embed.manifest.res
         Debug\code.obj
       Manifest:
         C:\Program Files (x86)\Microsoft SDKs\Windows\v7.0A\bin\mt.exe /nologo /verbose /out:"Debug\prac5.exe.embed.manifest" /manifest Debug\prac5.exe.intermediate.manifest
         All outputs are up-to-date.
       LinkEmbedManifest:
         All outputs are up-to-date.
         prac5.vcxproj -> C:\Users\SAMARTH\Documents\Visual Studio 2010\Projects\prac5\Debug\prac5.exe
       FinalizeBuildStatus:
         Deleting file "Debug\prac5.unsuccessfulbuild".
         Touching "Debug\prac5.lastbuildstate".
     1>Done Building Project "C:\Users\SAMARTH\Documents\Visual Studio 2010\Projects\prac5\prac5\prac5.vcxproj" (build target(s)).

Build succeeded.

Time Elapsed 00:00:01.70
