Build started 17-Sep-16 3:24:23 AM.
     1>Project "C:\Users\SAMARTH\Documents\Visual Studio 2010\Projects\firstPrg\firstPrg\firstPrg.vcxproj" on node 2 (build target(s)).
     1>InitializeBuildStatus:
         Creating "Debug\firstPrg.unsuccessfulbuild" because "AlwaysCreate" was specified.
       ClCompile:
         All outputs are up-to-date.
       ManifestResourceCompile:
         C:\Program Files (x86)\Microsoft SDKs\Windows\v7.0A\bin\rc.exe /nologo /fo"Debug\firstPrg.exe.embed.manifest.res" Debug\firstPrg_manifest.rc 
       Link:
         C:\Program Files (x86)\Microsoft Visual Studio 10.0\VC\bin\link.exe /ERRORREPORT:PROMPT /OUT:"C:\Users\SAMARTH\Documents\Visual Studio 2010\Projects\firstPrg\Debug\firstPrg.exe" /INCREMENTAL /NOLOGO kernel32.lib user32.lib gdi32.lib winspool.lib comdlg32.lib advapi32.lib shell32.lib ole32.lib oleaut32.lib uuid.lib odbc32.lib odbccp32.lib /MANIFEST /ManifestFile:"Debug\firstPrg.exe.intermediate.manifest" /MANIFESTUAC:"level='asInvoker' uiAccess='false'" /DEBUG /PDB:"C:\Users\SAMARTH\Documents\Visual Studio 2010\Projects\firstPrg\Debug\firstPrg.pdb" /SUBSYSTEM:CONSOLE /TLBID:1 /DYNAMICBASE /NXCOMPAT /IMPLIB:"C:\Users\SAMARTH\Documents\Visual Studio 2010\Projects\firstPrg\Debug\firstPrg.lib" /MACHINE:X86 Debug\firstPrg.exe.embed.manifest.res
         Debug\code.obj
       Manifest:
         C:\Program Files (x86)\Microsoft SDKs\Windows\v7.0A\bin\mt.exe /nologo /verbose /out:"Debug\firstPrg.exe.embed.manifest" /manifest Debug\firstPrg.exe.intermediate.manifest
         C:\Program Files (x86)\Microsoft SDKs\Windows\v7.0A\bin\rc.exe /nologo /fo"Debug\firstPrg.exe.embed.manifest.res" Debug\firstPrg_manifest.rc 
       LinkEmbedManifest:
         C:\Program Files (x86)\Microsoft Visual Studio 10.0\VC\bin\link.exe /ERRORREPORT:PROMPT /OUT:"C:\Users\SAMARTH\Documents\Visual Studio 2010\Projects\firstPrg\Debug\firstPrg.exe" /INCREMENTAL /NOLOGO kernel32.lib user32.lib gdi32.lib winspool.lib comdlg32.lib advapi32.lib shell32.lib ole32.lib oleaut32.lib uuid.lib odbc32.lib odbccp32.lib /MANIFEST /ManifestFile:"Debug\firstPrg.exe.intermediate.manifest" /MANIFESTUAC:"level='asInvoker' uiAccess='false'" /DEBUG /PDB:"C:\Users\SAMARTH\Documents\Visual Studio 2010\Projects\firstPrg\Debug\firstPrg.pdb" /SUBSYSTEM:CONSOLE /TLBID:1 /DYNAMICBASE /NXCOMPAT /IMPLIB:"C:\Users\SAMARTH\Documents\Visual Studio 2010\Projects\firstPrg\Debug\firstPrg.lib" /MACHINE:X86 Debug\firstPrg.exe.embed.manifest.res
         Debug\code.obj
         firstPrg.vcxproj -> C:\Users\SAMARTH\Documents\Visual Studio 2010\Projects\firstPrg\Debug\firstPrg.exe
       FinalizeBuildStatus:
         Deleting file "Debug\firstPrg.unsuccessfulbuild".
         Touching "Debug\firstPrg.lastbuildstate".
     1>Done Building Project "C:\Users\SAMARTH\Documents\Visual Studio 2010\Projects\firstPrg\firstPrg\firstPrg.vcxproj" (build target(s)).

Build succeeded.

Time Elapsed 00:00:03.42
