Build started 11-Nov-16 10:57:35 AM.
     1>Project "E:\ProgrammingCentre\opengl\AreaImageCompression\AreaImageCompression\AreaImageCompression.vcxproj" on node 2 (build target(s)).
     1>PrepareForBuild:
         Creating directory "E:\ProgrammingCentre\opengl\AreaImageCompression\Debug\".
       InitializeBuildStatus:
         Creating "Debug\AreaImageCompression.unsuccessfulbuild" because "AlwaysCreate" was specified.
       ClCompile:
         c:\Program Files (x86)\Microsoft Visual Studio 10.0\VC\bin\CL.exe /c /ZI /nologo /W3 /WX- /Od /Oy- /D WIN32 /D _DEBUG /D _CONSOLE /D _UNICODE /D UNICODE /Gm /EHsc /RTC1 /MDd /GS /fp:precise /Zc:wchar_t /Zc:forScope /Fo"Debug\\" /Fd"Debug\vc100.pdb" /Gd /TP /analyze- /errorReport:prompt code.cpp
         code.cpp
     1>e:\programmingcentre\opengl\areaimagecompression\areaimagecompression\code.cpp(121): warning C4996: 'getch': The POSIX name for this item is deprecated. Instead, use the ISO C++ conformant name: _getch. See online help for details.
                 c:\program files (x86)\microsoft visual studio 10.0\vc\include\conio.h(128) : see declaration of 'getch'
       ManifestResourceCompile:
         C:\Program Files (x86)\Microsoft SDKs\Windows\v7.0A\bin\rc.exe /nologo /fo"Debug\AreaImageCompression.exe.embed.manifest.res" Debug\AreaImageCompression_manifest.rc 
       Link:
         c:\Program Files (x86)\Microsoft Visual Studio 10.0\VC\bin\link.exe /ERRORREPORT:PROMPT /OUT:"E:\ProgrammingCentre\opengl\AreaImageCompression\Debug\AreaImageCompression.exe" /INCREMENTAL /NOLOGO kernel32.lib user32.lib gdi32.lib winspool.lib comdlg32.lib advapi32.lib shell32.lib ole32.lib oleaut32.lib uuid.lib odbc32.lib odbccp32.lib /MANIFEST /ManifestFile:"Debug\AreaImageCompression.exe.intermediate.manifest" /MANIFESTUAC:"level='asInvoker' uiAccess='false'" /DEBUG /PDB:"E:\ProgrammingCentre\opengl\AreaImageCompression\Debug\AreaImageCompression.pdb" /SUBSYSTEM:CONSOLE /TLBID:1 /DYNAMICBASE /NXCOMPAT /IMPLIB:"E:\ProgrammingCentre\opengl\AreaImageCompression\Debug\AreaImageCompression.lib" /MACHINE:X86 Debug\AreaImageCompression.exe.embed.manifest.res
         Debug\code.obj
       Manifest:
         C:\Program Files (x86)\Microsoft SDKs\Windows\v7.0A\bin\mt.exe /nologo /verbose /out:"Debug\AreaImageCompression.exe.embed.manifest" /manifest Debug\AreaImageCompression.exe.intermediate.manifest
         C:\Program Files (x86)\Microsoft SDKs\Windows\v7.0A\bin\rc.exe /nologo /fo"Debug\AreaImageCompression.exe.embed.manifest.res" Debug\AreaImageCompression_manifest.rc 
       LinkEmbedManifest:
         c:\Program Files (x86)\Microsoft Visual Studio 10.0\VC\bin\link.exe /ERRORREPORT:PROMPT /OUT:"E:\ProgrammingCentre\opengl\AreaImageCompression\Debug\AreaImageCompression.exe" /INCREMENTAL /NOLOGO kernel32.lib user32.lib gdi32.lib winspool.lib comdlg32.lib advapi32.lib shell32.lib ole32.lib oleaut32.lib uuid.lib odbc32.lib odbccp32.lib /MANIFEST /ManifestFile:"Debug\AreaImageCompression.exe.intermediate.manifest" /MANIFESTUAC:"level='asInvoker' uiAccess='false'" /DEBUG /PDB:"E:\ProgrammingCentre\opengl\AreaImageCompression\Debug\AreaImageCompression.pdb" /SUBSYSTEM:CONSOLE /TLBID:1 /DYNAMICBASE /NXCOMPAT /IMPLIB:"E:\ProgrammingCentre\opengl\AreaImageCompression\Debug\AreaImageCompression.lib" /MACHINE:X86 Debug\AreaImageCompression.exe.embed.manifest.res
         Debug\code.obj
         AreaImageCompression.vcxproj -> E:\ProgrammingCentre\opengl\AreaImageCompression\Debug\AreaImageCompression.exe
       FinalizeBuildStatus:
         Deleting file "Debug\AreaImageCompression.unsuccessfulbuild".
         Touching "Debug\AreaImageCompression.lastbuildstate".
     1>Done Building Project "E:\ProgrammingCentre\opengl\AreaImageCompression\AreaImageCompression\AreaImageCompression.vcxproj" (build target(s)).

Build succeeded.

Time Elapsed 00:00:07.71
