E:\PROGRAMMINGCENTRE\OPENGL\PRAC6\DEBUG\PRAC6.EXE
E:\PROGRAMMINGCENTRE\OPENGL\PRAC6\DEBUG\PRAC6.ILK
E:\PROGRAMMINGCENTRE\OPENGL\PRAC6\DEBUG\PRAC6.PDB
E:\ProgrammingCentre\opengl\prac6\prac6\Debug\cl.command.1.tlog
E:\ProgrammingCentre\opengl\prac6\prac6\Debug\CL.read.1.tlog
E:\ProgrammingCentre\opengl\prac6\prac6\Debug\CL.write.1.tlog
E:\PROGRAMMINGCENTRE\OPENGL\PRAC6\PRAC6\DEBUG\CODE.OBJ
E:\ProgrammingCentre\opengl\prac6\prac6\Debug\link.15544.read.1.tlog
E:\ProgrammingCentre\opengl\prac6\prac6\Debug\link.15544.write.1.tlog
E:\ProgrammingCentre\opengl\prac6\prac6\Debug\link.15544-cvtres.read.1.tlog
E:\ProgrammingCentre\opengl\prac6\prac6\Debug\link.15544-cvtres.write.1.tlog
E:\ProgrammingCentre\opengl\prac6\prac6\Debug\link.command.1.tlog
E:\ProgrammingCentre\opengl\prac6\prac6\Debug\link.read.1.tlog
E:\ProgrammingCentre\opengl\prac6\prac6\Debug\link.write.1.tlog
E:\ProgrammingCentre\opengl\prac6\prac6\Debug\link-cvtres.read.1.tlog
E:\ProgrammingCentre\opengl\prac6\prac6\Debug\link-cvtres.write.1.tlog
E:\ProgrammingCentre\opengl\prac6\prac6\Debug\mt.command.1.tlog
E:\ProgrammingCentre\opengl\prac6\prac6\Debug\mt.read.1.tlog
E:\ProgrammingCentre\opengl\prac6\prac6\Debug\mt.write.1.tlog
E:\PROGRAMMINGCENTRE\OPENGL\PRAC6\PRAC6\DEBUG\PRAC6.EXE.EMBED.MANIFEST
E:\PROGRAMMINGCENTRE\OPENGL\PRAC6\PRAC6\DEBUG\PRAC6.EXE.EMBED.MANIFEST.RES
E:\PROGRAMMINGCENTRE\OPENGL\PRAC6\PRAC6\DEBUG\PRAC6.EXE.INTERMEDIATE.MANIFEST
E:\ProgrammingCentre\opengl\prac6\prac6\Debug\prac6.write.1.tlog
E:\ProgrammingCentre\opengl\prac6\prac6\Debug\prac6_manifest.rc
E:\ProgrammingCentre\opengl\prac6\prac6\Debug\rc.command.1.tlog
E:\ProgrammingCentre\opengl\prac6\prac6\Debug\rc.read.1.tlog
E:\ProgrammingCentre\opengl\prac6\prac6\Debug\rc.write.1.tlog
E:\ProgrammingCentre\opengl\prac6\prac6\Debug\vc100.idb
E:\PROGRAMMINGCENTRE\OPENGL\PRAC6\PRAC6\DEBUG\VC100.PDB
