Build started 13-Oct-16 5:40:01 PM.
     1>Project "E:\ProgrammingCentre\opengl\sample\sample\sample.vcxproj" on node 2 (build target(s)).
     1>InitializeBuildStatus:
         Creating "Debug\sample.unsuccessfulbuild" because "AlwaysCreate" was specified.
       ClCompile:
         c:\Program Files (x86)\Microsoft Visual Studio 10.0\VC\bin\CL.exe /c /ZI /nologo /W3 /WX- /Od /Oy- /D WIN32 /D _DEBUG /D _CONSOLE /D _UNICODE /D UNICODE /Gm /EHsc /RTC1 /MDd /GS /fp:precise /Zc:wchar_t /Zc:forScope /Fo"Debug\\" /Fd"Debug\vc100.pdb" /Gd /TP /analyze- /errorReport:prompt code.cpp
         code.cpp
     1>c:\program files (x86)\microsoft sdks\windows\v7.0a\include\gl\samarth.h(119): warning C4101: 'p' : unreferenced local variable
     1>c:\program files (x86)\microsoft sdks\windows\v7.0a\include\gl\samarth.h(119): warning C4101: 'q' : unreferenced local variable
     1>c:\program files (x86)\microsoft sdks\windows\v7.0a\include\gl\samarth.h(119): warning C4101: 'len' : unreferenced local variable
       ManifestResourceCompile:
         C:\Program Files (x86)\Microsoft SDKs\Windows\v7.0A\bin\rc.exe /nologo /fo"Debug\sample.exe.embed.manifest.res" Debug\sample_manifest.rc 
       Link:
         c:\Program Files (x86)\Microsoft Visual Studio 10.0\VC\bin\link.exe /ERRORREPORT:PROMPT /OUT:"E:\ProgrammingCentre\opengl\sample\Debug\sample.exe" /INCREMENTAL /NOLOGO kernel32.lib user32.lib gdi32.lib winspool.lib comdlg32.lib advapi32.lib shell32.lib ole32.lib oleaut32.lib uuid.lib odbc32.lib odbccp32.lib /MANIFEST /ManifestFile:"Debug\sample.exe.intermediate.manifest" /MANIFESTUAC:"level='asInvoker' uiAccess='false'" /DEBUG /PDB:"E:\ProgrammingCentre\opengl\sample\Debug\sample.pdb" /SUBSYSTEM:CONSOLE /TLBID:1 /DYNAMICBASE /NXCOMPAT /IMPLIB:"E:\ProgrammingCentre\opengl\sample\Debug\sample.lib" /MACHINE:X86 Debug\sample.exe.embed.manifest.res
         Debug\code.obj
       Manifest:
         C:\Program Files (x86)\Microsoft SDKs\Windows\v7.0A\bin\mt.exe /nologo /verbose /out:"Debug\sample.exe.embed.manifest" /manifest Debug\sample.exe.intermediate.manifest
         All outputs are up-to-date.
       LinkEmbedManifest:
         All outputs are up-to-date.
         sample.vcxproj -> E:\ProgrammingCentre\opengl\sample\Debug\sample.exe
       FinalizeBuildStatus:
         Deleting file "Debug\sample.unsuccessfulbuild".
         Touching "Debug\sample.lastbuildstate".
     1>Done Building Project "E:\ProgrammingCentre\opengl\sample\sample\sample.vcxproj" (build target(s)).

Build succeeded.

Time Elapsed 00:00:04.37
