Build started 24-Sep-16 12:51:52 PM.
     1>Project "C:\Users\SAMARTH\Documents\Visual Studio 2010\Projects\yasham1\yasham1\yasham1.vcxproj" on node 2 (build target(s)).
     1>PrepareForBuild:
         Creating directory "C:\Users\SAMARTH\Documents\Visual Studio 2010\Projects\yasham1\Debug\".
       InitializeBuildStatus:
         Creating "Debug\yasham1.unsuccessfulbuild" because "AlwaysCreate" was specified.
       ClCompile:
         c:\Program Files (x86)\Microsoft Visual Studio 10.0\VC\bin\CL.exe /c /ZI /nologo /W3 /WX- /Od /Oy- /D WIN32 /D _DEBUG /D _CONSOLE /D _UNICODE /D UNICODE /Gm /EHsc /RTC1 /MDd /GS /fp:precise /Zc:wchar_t /Zc:forScope /Fo"Debug\\" /Fd"Debug\vc100.pdb" /Gd /TP /analyze- /errorReport:prompt code.cpp
         code.cpp
     1>c:\users\samarth\documents\visual studio 2010\projects\yasham1\yasham1\code.cpp(139): warning C4101: 'len' : unreferenced local variable
       ManifestResourceCompile:
         C:\Program Files (x86)\Microsoft SDKs\Windows\v7.0A\bin\rc.exe /nologo /fo"Debug\yasham1.exe.embed.manifest.res" Debug\yasham1_manifest.rc 
       Link:
         c:\Program Files (x86)\Microsoft Visual Studio 10.0\VC\bin\link.exe /ERRORREPORT:PROMPT /OUT:"C:\Users\SAMARTH\Documents\Visual Studio 2010\Projects\yasham1\Debug\yasham1.exe" /INCREMENTAL /NOLOGO kernel32.lib user32.lib gdi32.lib winspool.lib comdlg32.lib advapi32.lib shell32.lib ole32.lib oleaut32.lib uuid.lib odbc32.lib odbccp32.lib /MANIFEST /ManifestFile:"Debug\yasham1.exe.intermediate.manifest" /MANIFESTUAC:"level='asInvoker' uiAccess='false'" /DEBUG /PDB:"C:\Users\SAMARTH\Documents\Visual Studio 2010\Projects\yasham1\Debug\yasham1.pdb" /SUBSYSTEM:CONSOLE /TLBID:1 /DYNAMICBASE /NXCOMPAT /IMPLIB:"C:\Users\SAMARTH\Documents\Visual Studio 2010\Projects\yasham1\Debug\yasham1.lib" /MACHINE:X86 Debug\yasham1.exe.embed.manifest.res
         Debug\code.obj
       Manifest:
         C:\Program Files (x86)\Microsoft SDKs\Windows\v7.0A\bin\mt.exe /nologo /verbose /out:"Debug\yasham1.exe.embed.manifest" /manifest Debug\yasham1.exe.intermediate.manifest
         C:\Program Files (x86)\Microsoft SDKs\Windows\v7.0A\bin\rc.exe /nologo /fo"Debug\yasham1.exe.embed.manifest.res" Debug\yasham1_manifest.rc 
       LinkEmbedManifest:
         c:\Program Files (x86)\Microsoft Visual Studio 10.0\VC\bin\link.exe /ERRORREPORT:PROMPT /OUT:"C:\Users\SAMARTH\Documents\Visual Studio 2010\Projects\yasham1\Debug\yasham1.exe" /INCREMENTAL /NOLOGO kernel32.lib user32.lib gdi32.lib winspool.lib comdlg32.lib advapi32.lib shell32.lib ole32.lib oleaut32.lib uuid.lib odbc32.lib odbccp32.lib /MANIFEST /ManifestFile:"Debug\yasham1.exe.intermediate.manifest" /MANIFESTUAC:"level='asInvoker' uiAccess='false'" /DEBUG /PDB:"C:\Users\SAMARTH\Documents\Visual Studio 2010\Projects\yasham1\Debug\yasham1.pdb" /SUBSYSTEM:CONSOLE /TLBID:1 /DYNAMICBASE /NXCOMPAT /IMPLIB:"C:\Users\SAMARTH\Documents\Visual Studio 2010\Projects\yasham1\Debug\yasham1.lib" /MACHINE:X86 Debug\yasham1.exe.embed.manifest.res
         Debug\code.obj
         yasham1.vcxproj -> C:\Users\SAMARTH\Documents\Visual Studio 2010\Projects\yasham1\Debug\yasham1.exe
       FinalizeBuildStatus:
         Deleting file "Debug\yasham1.unsuccessfulbuild".
         Touching "Debug\yasham1.lastbuildstate".
     1>Done Building Project "C:\Users\SAMARTH\Documents\Visual Studio 2010\Projects\yasham1\yasham1\yasham1.vcxproj" (build target(s)).

Build succeeded.

Time Elapsed 00:00:09.31
