Build started 11-Nov-16 12:51:33 AM.
     1>Project "E:\ProgrammingCentre\opengl\MidPointSubdivision\MidPointSubdivision\MidPointSubdivision.vcxproj" on node 2 (build target(s)).
     1>InitializeBuildStatus:
         Creating "Debug\MidPointSubdivision.unsuccessfulbuild" because "AlwaysCreate" was specified.
       ClCompile:
         All outputs are up-to-date.
       ManifestResourceCompile:
         C:\Program Files (x86)\Microsoft SDKs\Windows\v7.0A\bin\rc.exe /nologo /fo"Debug\MidPointSubdivision.exe.embed.manifest.res" Debug\MidPointSubdivision_manifest.rc 
       Link:
         c:\Program Files (x86)\Microsoft Visual Studio 10.0\VC\bin\link.exe /ERRORREPORT:PROMPT /OUT:"E:\ProgrammingCentre\opengl\MidPointSubdivision\Debug\MidPointSubdivision.exe" /INCREMENTAL /NOLOGO kernel32.lib user32.lib gdi32.lib winspool.lib comdlg32.lib advapi32.lib shell32.lib ole32.lib oleaut32.lib uuid.lib odbc32.lib odbccp32.lib /MANIFEST /ManifestFile:"Debug\MidPointSubdivision.exe.intermediate.manifest" /MANIFESTUAC:"level='asInvoker' uiAccess='false'" /DEBUG /PDB:"E:\ProgrammingCentre\opengl\MidPointSubdivision\Debug\MidPointSubdivision.pdb" /SUBSYSTEM:CONSOLE /TLBID:1 /DYNAMICBASE /NXCOMPAT /IMPLIB:"E:\ProgrammingCentre\opengl\MidPointSubdivision\Debug\MidPointSubdivision.lib" /MACHINE:X86 Debug\MidPointSubdivision.exe.embed.manifest.res
         Debug\code.obj
       Manifest:
         C:\Program Files (x86)\Microsoft SDKs\Windows\v7.0A\bin\mt.exe /nologo /verbose /out:"Debug\MidPointSubdivision.exe.embed.manifest" /manifest Debug\MidPointSubdivision.exe.intermediate.manifest
         C:\Program Files (x86)\Microsoft SDKs\Windows\v7.0A\bin\rc.exe /nologo /fo"Debug\MidPointSubdivision.exe.embed.manifest.res" Debug\MidPointSubdivision_manifest.rc 
       LinkEmbedManifest:
         c:\Program Files (x86)\Microsoft Visual Studio 10.0\VC\bin\link.exe /ERRORREPORT:PROMPT /OUT:"E:\ProgrammingCentre\opengl\MidPointSubdivision\Debug\MidPointSubdivision.exe" /INCREMENTAL /NOLOGO kernel32.lib user32.lib gdi32.lib winspool.lib comdlg32.lib advapi32.lib shell32.lib ole32.lib oleaut32.lib uuid.lib odbc32.lib odbccp32.lib /MANIFEST /ManifestFile:"Debug\MidPointSubdivision.exe.intermediate.manifest" /MANIFESTUAC:"level='asInvoker' uiAccess='false'" /DEBUG /PDB:"E:\ProgrammingCentre\opengl\MidPointSubdivision\Debug\MidPointSubdivision.pdb" /SUBSYSTEM:CONSOLE /TLBID:1 /DYNAMICBASE /NXCOMPAT /IMPLIB:"E:\ProgrammingCentre\opengl\MidPointSubdivision\Debug\MidPointSubdivision.lib" /MACHINE:X86 Debug\MidPointSubdivision.exe.embed.manifest.res
         Debug\code.obj
         MidPointSubdivision.vcxproj -> E:\ProgrammingCentre\opengl\MidPointSubdivision\Debug\MidPointSubdivision.exe
       FinalizeBuildStatus:
         Deleting file "Debug\MidPointSubdivision.unsuccessfulbuild".
         Touching "Debug\MidPointSubdivision.lastbuildstate".
     1>Done Building Project "E:\ProgrammingCentre\opengl\MidPointSubdivision\MidPointSubdivision\MidPointSubdivision.vcxproj" (build target(s)).

Build succeeded.

Time Elapsed 00:00:02.48
