Build started 11-Nov-16 11:45:19 AM.
     1>Project "E:\ProgrammingCentre\opengl\RunLengthEncoding\RunLengthEncoding\RunLengthEncoding.vcxproj" on node 2 (build target(s)).
     1>InitializeBuildStatus:
         Creating "Debug\RunLengthEncoding.unsuccessfulbuild" because "AlwaysCreate" was specified.
       ClCompile:
         c:\Program Files (x86)\Microsoft Visual Studio 10.0\VC\bin\CL.exe /c /ZI /nologo /W3 /WX- /Od /Oy- /D WIN32 /D _DEBUG /D _CONSOLE /D _UNICODE /D UNICODE /Gm /EHsc /RTC1 /MDd /GS /fp:precise /Zc:wchar_t /Zc:forScope /Fo"Debug\\" /Fd"Debug\vc100.pdb" /Gd /TP /analyze- /errorReport:prompt code.cpp
         code.cpp
     1>e:\programmingcentre\opengl\runlengthencoding\runlengthencoding\code.cpp(37): warning C4996: 'getch': The POSIX name for this item is deprecated. Instead, use the ISO C++ conformant name: _getch. See online help for details.
                 c:\program files (x86)\microsoft visual studio 10.0\vc\include\conio.h(128) : see declaration of 'getch'
     1>e:\programmingcentre\opengl\runlengthencoding\runlengthencoding\code.cpp(9): warning C4101: 'cnt' : unreferenced local variable
       ManifestResourceCompile:
         All outputs are up-to-date.
       Link:
         c:\Program Files (x86)\Microsoft Visual Studio 10.0\VC\bin\link.exe /ERRORREPORT:PROMPT /OUT:"E:\ProgrammingCentre\opengl\RunLengthEncoding\Debug\RunLengthEncoding.exe" /INCREMENTAL /NOLOGO kernel32.lib user32.lib gdi32.lib winspool.lib comdlg32.lib advapi32.lib shell32.lib ole32.lib oleaut32.lib uuid.lib odbc32.lib odbccp32.lib /MANIFEST /ManifestFile:"Debug\RunLengthEncoding.exe.intermediate.manifest" /MANIFESTUAC:"level='asInvoker' uiAccess='false'" /DEBUG /PDB:"E:\ProgrammingCentre\opengl\RunLengthEncoding\Debug\RunLengthEncoding.pdb" /SUBSYSTEM:CONSOLE /TLBID:1 /DYNAMICBASE /NXCOMPAT /IMPLIB:"E:\ProgrammingCentre\opengl\RunLengthEncoding\Debug\RunLengthEncoding.lib" /MACHINE:X86 Debug\RunLengthEncoding.exe.embed.manifest.res
         Debug\code.obj
       Manifest:
         C:\Program Files (x86)\Microsoft SDKs\Windows\v7.0A\bin\mt.exe /nologo /verbose /out:"Debug\RunLengthEncoding.exe.embed.manifest" /manifest Debug\RunLengthEncoding.exe.intermediate.manifest
         All outputs are up-to-date.
       LinkEmbedManifest:
         All outputs are up-to-date.
         RunLengthEncoding.vcxproj -> E:\ProgrammingCentre\opengl\RunLengthEncoding\Debug\RunLengthEncoding.exe
       FinalizeBuildStatus:
         Deleting file "Debug\RunLengthEncoding.unsuccessfulbuild".
         Touching "Debug\RunLengthEncoding.lastbuildstate".
     1>Done Building Project "E:\ProgrammingCentre\opengl\RunLengthEncoding\RunLengthEncoding\RunLengthEncoding.vcxproj" (build target(s)).

Build succeeded.

Time Elapsed 00:00:03.49
