Build started 24-Sep-16 11:51:59 AM.
     1>Project "C:\Users\SAMARTH\Documents\Visual Studio 2010\Projects\prac4\prac4\prac4.vcxproj" on node 2 (build target(s)).
     1>InitializeBuildStatus:
         Creating "Debug\prac4.unsuccessfulbuild" because "AlwaysCreate" was specified.
       ClCompile:
         All outputs are up-to-date.
       ManifestResourceCompile:
         All outputs are up-to-date.
       Link:
         c:\Program Files (x86)\Microsoft Visual Studio 10.0\VC\bin\link.exe /ERRORREPORT:PROMPT /OUT:"C:\Users\SAMARTH\Documents\Visual Studio 2010\Projects\prac4\Debug\prac4.exe" /INCREMENTAL /NOLOGO kernel32.lib user32.lib gdi32.lib winspool.lib comdlg32.lib advapi32.lib shell32.lib ole32.lib oleaut32.lib uuid.lib odbc32.lib odbccp32.lib /MANIFEST /ManifestFile:"Debug\prac4.exe.intermediate.manifest" /MANIFESTUAC:"level='asInvoker' uiAccess='false'" /DEBUG /PDB:"C:\Users\SAMARTH\Documents\Visual Studio 2010\Projects\prac4\Debug\prac4.pdb" /SUBSYSTEM:CONSOLE /TLBID:1 /DYNAMICBASE /NXCOMPAT /IMPLIB:"C:\Users\SAMARTH\Documents\Visual Studio 2010\Projects\prac4\Debug\prac4.lib" /MACHINE:X86 Debug\prac4.exe.embed.manifest.res
         Debug\code.obj
       Manifest:
         C:\Program Files (x86)\Microsoft SDKs\Windows\v7.0A\bin\mt.exe /nologo /verbose /out:"Debug\prac4.exe.embed.manifest" /manifest Debug\prac4.exe.intermediate.manifest
         All outputs are up-to-date.
       LinkEmbedManifest:
         All outputs are up-to-date.
         prac4.vcxproj -> C:\Users\SAMARTH\Documents\Visual Studio 2010\Projects\prac4\Debug\prac4.exe
       FinalizeBuildStatus:
         Deleting file "Debug\prac4.unsuccessfulbuild".
         Touching "Debug\prac4.lastbuildstate".
     1>Done Building Project "C:\Users\SAMARTH\Documents\Visual Studio 2010\Projects\prac4\prac4\prac4.vcxproj" (build target(s)).

Build succeeded.

Time Elapsed 00:00:01.98
